2016-08-11 00:17:33,301 [org.springframework.context.support.ClassPathXmlApplicationContext]-[INFO] Refreshing org.springframework.context.support.ClassPathXmlApplicationContext@442d9b6e: startup date [Thu Aug 11 00:17:33 CST 2016]; root of context hierarchy
2016-08-11 00:17:33,356 [org.springframework.beans.factory.xml.XmlBeanDefinitionReader]-[INFO] Loading XML bean definitions from class path resource [spring-context.xml]
2016-08-11 00:17:33,905 [org.springframework.context.support.PropertySourcesPlaceholderConfigurer]-[INFO] Loading properties file from class path resource [config/jdbc.properties]
2016-08-11 00:17:33,915 [org.springframework.beans.factory.config.PropertyPlaceholderConfigurer]-[INFO] Loading properties file from class path resource [log4j.properties]
2016-08-11 00:17:34,566 [com.device.DeviceMain]-[INFO] server start...
2016-08-11 00:17:35,855 [com.device.service.MonitorService]-[INFO] [taskhostw.exe, git-bash.exe, qqexternal.exe, btwrsupportservice.exe, installagent.exe, bash.exe, txplatform.exe, igfxem.exe, smss.exe, dashost.exe, alg.exe, runtimebroker.exe, synlenovohelper.exe, gfexperienceservice.exe, eclipse.exe, navicat.exe, igfxcuiservice.exe, syntphelper.exe, shellexperiencehost.exe, searchui.exe, mintty.exe, chsime.exe, nvvsvc.exe, ibmpmsvc.exe, tasklist.exe, intelcphecisvc.exe, qqprotect.exe, igfxhk.exe, nvnetworkservice.exe, settingsynchost.exe, sihost.exe, applicationframehost.exe, nvbackend.exe, fontdrvhost.exe, svchost.exe, teamviewer_service.exe, taskeng.exe, msmpeng.exe, dwm.exe, spoolsv.exe, javaw.exe, csrss.exe, googleupdate.exe, winlogon.exe, explorer.exe, remindersserver.exe, nvtray.exe, notepad++.exe, cxaudmsg64.exe, nissrv.exe, searchindexer.exe, lsass.exe, wininit.exe, syntpenhservice.exe, syntplpr.exe, taskmgr.exe, mysqld.exe, caudiofilteragent64.exe, qq.exe, syntpenh.exe, nvxdsync.exe, chrome.exe, video.ui.exe, services.exe, audiodg.exe, skypehost.exe, conhost.exe, wmiprvse.exe, microsoft.photos.exe, jusched.exe, cmd.exe]
2016-08-11 00:18:16,981 [org.springframework.context.support.ClassPathXmlApplicationContext]-[INFO] Refreshing org.springframework.context.support.ClassPathXmlApplicationContext@64bf3bbf: startup date [Thu Aug 11 00:18:16 CST 2016]; root of context hierarchy
2016-08-11 00:18:17,053 [org.springframework.beans.factory.xml.XmlBeanDefinitionReader]-[INFO] Loading XML bean definitions from class path resource [spring-context.xml]
2016-08-11 00:18:17,637 [org.springframework.context.support.PropertySourcesPlaceholderConfigurer]-[INFO] Loading properties file from class path resource [config/jdbc.properties]
2016-08-11 00:18:17,644 [org.springframework.beans.factory.config.PropertyPlaceholderConfigurer]-[INFO] Loading properties file from class path resource [log4j.properties]
2016-08-11 00:18:18,339 [com.device.DeviceMain]-[INFO] server start...
2016-08-11 00:18:18,985 [com.device.service.MonitorService]-[INFO] [taskhostw.exe, git-bash.exe, btwrsupportservice.exe, installagent.exe, bash.exe, txplatform.exe, igfxem.exe, smss.exe, dashost.exe, alg.exe, runtimebroker.exe, synlenovohelper.exe, gfexperienceservice.exe, eclipse.exe, navicat.exe, igfxcuiservice.exe, syntphelper.exe, shellexperiencehost.exe, searchui.exe, mintty.exe, chsime.exe, nvvsvc.exe, ibmpmsvc.exe, tasklist.exe, intelcphecisvc.exe, qqprotect.exe, igfxhk.exe, nvnetworkservice.exe, settingsynchost.exe, sihost.exe, applicationframehost.exe, nvbackend.exe, fontdrvhost.exe, svchost.exe, teamviewer_service.exe, taskeng.exe, msmpeng.exe, dwm.exe, spoolsv.exe, javaw.exe, csrss.exe, googleupdate.exe, winlogon.exe, explorer.exe, remindersserver.exe, nvtray.exe, notepad++.exe, cxaudmsg64.exe, nissrv.exe, searchindexer.exe, lsass.exe, wininit.exe, syntpenhservice.exe, syntplpr.exe, taskmgr.exe, mysqld.exe, caudiofilteragent64.exe, qq.exe, syntpenh.exe, nvxdsync.exe, chrome.exe, video.ui.exe, services.exe, audiodg.exe, skypehost.exe, conhost.exe, wmiprvse.exe, microsoft.photos.exe, jusched.exe, cmd.exe]
2016-08-11 00:18:18,987 [com.device.service.MonitorService]-[INFO] ========进程eclipse.exe开启===========
2016-08-11 00:18:18,988 [com.device.service.MonitorService]-[INFO] ========进程qq.exe开启===========
2016-08-11 00:18:18,988 [com.device.service.MonitorService]-[INFO] ========进程chrome.exe开启===========
2016-08-11 00:18:22,158 [com.device.service.MonitorService]-[INFO] [taskhostw.exe, git-bash.exe, btwrsupportservice.exe, installagent.exe, bash.exe, txplatform.exe, igfxem.exe, smss.exe, dashost.exe, alg.exe, runtimebroker.exe, synlenovohelper.exe, gfexperienceservice.exe, eclipse.exe, navicat.exe, igfxcuiservice.exe, syntphelper.exe, shellexperiencehost.exe, searchui.exe, mintty.exe, chsime.exe, nvvsvc.exe, ibmpmsvc.exe, tasklist.exe, intelcphecisvc.exe, qqprotect.exe, igfxhk.exe, nvnetworkservice.exe, settingsynchost.exe, sihost.exe, applicationframehost.exe, nvbackend.exe, fontdrvhost.exe, svchost.exe, teamviewer_service.exe, taskeng.exe, msmpeng.exe, dwm.exe, spoolsv.exe, javaw.exe, csrss.exe, googleupdate.exe, winlogon.exe, explorer.exe, remindersserver.exe, nvtray.exe, notepad++.exe, cxaudmsg64.exe, nissrv.exe, searchindexer.exe, lsass.exe, wininit.exe, syntpenhservice.exe, syntplpr.exe, taskmgr.exe, mysqld.exe, caudiofilteragent64.exe, qq.exe, syntpenh.exe, nvxdsync.exe, chrome.exe, video.ui.exe, services.exe, audiodg.exe, skypehost.exe, conhost.exe, wmiprvse.exe, microsoft.photos.exe, jusched.exe, cmd.exe]
2016-08-11 00:18:25,338 [com.device.service.MonitorService]-[INFO] [taskhostw.exe, git-bash.exe, btwrsupportservice.exe, installagent.exe, bash.exe, txplatform.exe, igfxem.exe, smss.exe, dashost.exe, alg.exe, runtimebroker.exe, synlenovohelper.exe, gfexperienceservice.exe, eclipse.exe, navicat.exe, igfxcuiservice.exe, syntphelper.exe, shellexperiencehost.exe, searchui.exe, mintty.exe, chsime.exe, nvvsvc.exe, ibmpmsvc.exe, tasklist.exe, intelcphecisvc.exe, qqprotect.exe, igfxhk.exe, nvnetworkservice.exe, settingsynchost.exe, sihost.exe, applicationframehost.exe, nvbackend.exe, fontdrvhost.exe, svchost.exe, teamviewer_service.exe, taskeng.exe, msmpeng.exe, dwm.exe, spoolsv.exe, javaw.exe, csrss.exe, googleupdate.exe, winlogon.exe, explorer.exe, remindersserver.exe, nvtray.exe, notepad++.exe, cxaudmsg64.exe, nissrv.exe, searchindexer.exe, lsass.exe, wininit.exe, syntpenhservice.exe, syntplpr.exe, taskmgr.exe, mysqld.exe, caudiofilteragent64.exe, qq.exe, syntpenh.exe, nvxdsync.exe, chrome.exe, video.ui.exe, services.exe, audiodg.exe, skypehost.exe, conhost.exe, wmiprvse.exe, microsoft.photos.exe, jusched.exe, cmd.exe]
2016-08-11 00:18:28,525 [com.device.service.MonitorService]-[INFO] [taskhostw.exe, git-bash.exe, btwrsupportservice.exe, installagent.exe, bash.exe, txplatform.exe, igfxem.exe, smss.exe, dashost.exe, alg.exe, runtimebroker.exe, synlenovohelper.exe, gfexperienceservice.exe, eclipse.exe, navicat.exe, igfxcuiservice.exe, syntphelper.exe, shellexperiencehost.exe, searchui.exe, mintty.exe, chsime.exe, nvvsvc.exe, ibmpmsvc.exe, tasklist.exe, intelcphecisvc.exe, qqprotect.exe, igfxhk.exe, nvnetworkservice.exe, settingsynchost.exe, sihost.exe, applicationframehost.exe, nvbackend.exe, fontdrvhost.exe, svchost.exe, teamviewer_service.exe, taskeng.exe, msmpeng.exe, dwm.exe, spoolsv.exe, javaw.exe, csrss.exe, googleupdate.exe, winlogon.exe, explorer.exe, remindersserver.exe, nvtray.exe, notepad++.exe, cxaudmsg64.exe, nissrv.exe, searchindexer.exe, lsass.exe, wininit.exe, syntpenhservice.exe, syntplpr.exe, taskmgr.exe, mysqld.exe, caudiofilteragent64.exe, qq.exe, syntpenh.exe, nvxdsync.exe, chrome.exe, video.ui.exe, services.exe, audiodg.exe, skypehost.exe, conhost.exe, wmiprvse.exe, microsoft.photos.exe, jusched.exe, cmd.exe]
2016-08-11 00:18:31,705 [com.device.service.MonitorService]-[INFO] [taskhostw.exe, git-bash.exe, btwrsupportservice.exe, installagent.exe, bash.exe, txplatform.exe, igfxem.exe, smss.exe, dashost.exe, alg.exe, runtimebroker.exe, synlenovohelper.exe, gfexperienceservice.exe, eclipse.exe, navicat.exe, igfxcuiservice.exe, syntphelper.exe, shellexperiencehost.exe, searchui.exe, mintty.exe, chsime.exe, nvvsvc.exe, ibmpmsvc.exe, tasklist.exe, intelcphecisvc.exe, qqprotect.exe, igfxhk.exe, nvnetworkservice.exe, settingsynchost.exe, sihost.exe, applicationframehost.exe, nvbackend.exe, fontdrvhost.exe, svchost.exe, teamviewer_service.exe, taskeng.exe, msmpeng.exe, dwm.exe, spoolsv.exe, javaw.exe, csrss.exe, googleupdate.exe, winlogon.exe, explorer.exe, remindersserver.exe, nvtray.exe, notepad++.exe, cxaudmsg64.exe, nissrv.exe, searchindexer.exe, lsass.exe, wininit.exe, syntpenhservice.exe, syntplpr.exe, taskmgr.exe, mysqld.exe, caudiofilteragent64.exe, qq.exe, syntpenh.exe, nvxdsync.exe, chrome.exe, video.ui.exe, services.exe, audiodg.exe, skypehost.exe, conhost.exe, wmiprvse.exe, microsoft.photos.exe, jusched.exe, cmd.exe]
2016-08-11 00:18:34,917 [com.device.service.MonitorService]-[INFO] [taskhostw.exe, git-bash.exe, btwrsupportservice.exe, installagent.exe, bash.exe, txplatform.exe, igfxem.exe, smss.exe, dashost.exe, alg.exe, runtimebroker.exe, synlenovohelper.exe, gfexperienceservice.exe, eclipse.exe, navicat.exe, igfxcuiservice.exe, syntphelper.exe, shellexperiencehost.exe, searchui.exe, mintty.exe, chsime.exe, nvvsvc.exe, ibmpmsvc.exe, tasklist.exe, intelcphecisvc.exe, qqprotect.exe, igfxhk.exe, nvnetworkservice.exe, settingsynchost.exe, sihost.exe, applicationframehost.exe, nvbackend.exe, fontdrvhost.exe, svchost.exe, teamviewer_service.exe, taskeng.exe, msmpeng.exe, dwm.exe, spoolsv.exe, javaw.exe, csrss.exe, googleupdate.exe, winlogon.exe, explorer.exe, remindersserver.exe, nvtray.exe, notepad++.exe, cxaudmsg64.exe, nissrv.exe, searchindexer.exe, lsass.exe, wininit.exe, syntpenhservice.exe, syntplpr.exe, taskmgr.exe, mysqld.exe, caudiofilteragent64.exe, qq.exe, syntpenh.exe, nvxdsync.exe, chrome.exe, video.ui.exe, services.exe, audiodg.exe, skypehost.exe, conhost.exe, wmiprvse.exe, microsoft.photos.exe, jusched.exe, cmd.exe]
2016-08-11 00:18:38,091 [com.device.service.MonitorService]-[INFO] [taskhostw.exe, git-bash.exe, btwrsupportservice.exe, installagent.exe, bash.exe, txplatform.exe, igfxem.exe, smss.exe, dashost.exe, alg.exe, runtimebroker.exe, synlenovohelper.exe, gfexperienceservice.exe, eclipse.exe, navicat.exe, igfxcuiservice.exe, syntphelper.exe, shellexperiencehost.exe, searchui.exe, mintty.exe, chsime.exe, nvvsvc.exe, ibmpmsvc.exe, tasklist.exe, intelcphecisvc.exe, qqprotect.exe, igfxhk.exe, nvnetworkservice.exe, settingsynchost.exe, sihost.exe, applicationframehost.exe, nvbackend.exe, fontdrvhost.exe, svchost.exe, teamviewer_service.exe, taskeng.exe, msmpeng.exe, dwm.exe, spoolsv.exe, javaw.exe, csrss.exe, googleupdate.exe, winlogon.exe, explorer.exe, remindersserver.exe, nvtray.exe, notepad++.exe, cxaudmsg64.exe, nissrv.exe, searchindexer.exe, lsass.exe, wininit.exe, syntpenhservice.exe, syntplpr.exe, taskmgr.exe, mysqld.exe, caudiofilteragent64.exe, qq.exe, syntpenh.exe, nvxdsync.exe, chrome.exe, video.ui.exe, services.exe, audiodg.exe, skypehost.exe, conhost.exe, wmiprvse.exe, microsoft.photos.exe, jusched.exe, cmd.exe]
2016-08-11 00:18:41,265 [com.device.service.MonitorService]-[INFO] [taskhostw.exe, git-bash.exe, btwrsupportservice.exe, installagent.exe, bash.exe, txplatform.exe, igfxem.exe, smss.exe, dashost.exe, alg.exe, runtimebroker.exe, synlenovohelper.exe, gfexperienceservice.exe, eclipse.exe, navicat.exe, igfxcuiservice.exe, syntphelper.exe, shellexperiencehost.exe, searchui.exe, mintty.exe, chsime.exe, nvvsvc.exe, ibmpmsvc.exe, tasklist.exe, intelcphecisvc.exe, qqprotect.exe, igfxhk.exe, nvnetworkservice.exe, settingsynchost.exe, sihost.exe, applicationframehost.exe, nvbackend.exe, fontdrvhost.exe, svchost.exe, teamviewer_service.exe, taskeng.exe, msmpeng.exe, dwm.exe, spoolsv.exe, javaw.exe, csrss.exe, googleupdate.exe, winlogon.exe, explorer.exe, remindersserver.exe, nvtray.exe, notepad++.exe, cxaudmsg64.exe, nissrv.exe, searchindexer.exe, lsass.exe, wininit.exe, syntpenhservice.exe, syntplpr.exe, taskmgr.exe, mysqld.exe, caudiofilteragent64.exe, qq.exe, syntpenh.exe, nvxdsync.exe, chrome.exe, video.ui.exe, services.exe, audiodg.exe, skypehost.exe, conhost.exe, wmiprvse.exe, microsoft.photos.exe, jusched.exe, cmd.exe]
2016-08-11 00:18:44,441 [com.device.service.MonitorService]-[INFO] [taskhostw.exe, git-bash.exe, btwrsupportservice.exe, installagent.exe, bash.exe, txplatform.exe, igfxem.exe, smss.exe, dashost.exe, alg.exe, runtimebroker.exe, synlenovohelper.exe, gfexperienceservice.exe, eclipse.exe, navicat.exe, igfxcuiservice.exe, syntphelper.exe, shellexperiencehost.exe, searchui.exe, mintty.exe, chsime.exe, nvvsvc.exe, ibmpmsvc.exe, tasklist.exe, intelcphecisvc.exe, qqprotect.exe, igfxhk.exe, nvnetworkservice.exe, settingsynchost.exe, sihost.exe, applicationframehost.exe, nvbackend.exe, fontdrvhost.exe, svchost.exe, teamviewer_service.exe, taskeng.exe, msmpeng.exe, dwm.exe, spoolsv.exe, javaw.exe, csrss.exe, googleupdate.exe, winlogon.exe, explorer.exe, remindersserver.exe, nvtray.exe, notepad++.exe, cxaudmsg64.exe, nissrv.exe, searchindexer.exe, lsass.exe, wininit.exe, syntpenhservice.exe, syntplpr.exe, taskmgr.exe, mysqld.exe, caudiofilteragent64.exe, qq.exe, syntpenh.exe, nvxdsync.exe, chrome.exe, video.ui.exe, services.exe, audiodg.exe, skypehost.exe, conhost.exe, wmiprvse.exe, microsoft.photos.exe, jusched.exe, cmd.exe]
2016-08-11 00:18:47,616 [com.device.service.MonitorService]-[INFO] [taskhostw.exe, git-bash.exe, btwrsupportservice.exe, installagent.exe, bash.exe, txplatform.exe, igfxem.exe, smss.exe, dashost.exe, alg.exe, runtimebroker.exe, synlenovohelper.exe, gfexperienceservice.exe, eclipse.exe, navicat.exe, igfxcuiservice.exe, syntphelper.exe, shellexperiencehost.exe, searchui.exe, mintty.exe, chsime.exe, nvvsvc.exe, ibmpmsvc.exe, tasklist.exe, intelcphecisvc.exe, qqprotect.exe, igfxhk.exe, nvnetworkservice.exe, settingsynchost.exe, sihost.exe, applicationframehost.exe, nvbackend.exe, fontdrvhost.exe, svchost.exe, teamviewer_service.exe, taskeng.exe, msmpeng.exe, dwm.exe, spoolsv.exe, javaw.exe, csrss.exe, googleupdate.exe, winlogon.exe, explorer.exe, remindersserver.exe, nvtray.exe, notepad++.exe, cxaudmsg64.exe, nissrv.exe, searchindexer.exe, lsass.exe, wininit.exe, syntpenhservice.exe, syntplpr.exe, taskmgr.exe, mysqld.exe, caudiofilteragent64.exe, qq.exe, syntpenh.exe, nvxdsync.exe, chrome.exe, video.ui.exe, services.exe, audiodg.exe, skypehost.exe, conhost.exe, wmiprvse.exe, microsoft.photos.exe, jusched.exe, cmd.exe]
2016-08-11 00:18:50,792 [com.device.service.MonitorService]-[INFO] [taskhostw.exe, git-bash.exe, btwrsupportservice.exe, installagent.exe, bash.exe, txplatform.exe, igfxem.exe, smss.exe, dashost.exe, alg.exe, runtimebroker.exe, synlenovohelper.exe, gfexperienceservice.exe, eclipse.exe, navicat.exe, igfxcuiservice.exe, syntphelper.exe, shellexperiencehost.exe, searchui.exe, mintty.exe, chsime.exe, nvvsvc.exe, ibmpmsvc.exe, tasklist.exe, intelcphecisvc.exe, qqprotect.exe, igfxhk.exe, nvnetworkservice.exe, settingsynchost.exe, sihost.exe, applicationframehost.exe, nvbackend.exe, fontdrvhost.exe, svchost.exe, teamviewer_service.exe, taskeng.exe, msmpeng.exe, dwm.exe, spoolsv.exe, javaw.exe, csrss.exe, googleupdate.exe, winlogon.exe, explorer.exe, remindersserver.exe, nvtray.exe, notepad++.exe, cxaudmsg64.exe, nissrv.exe, searchindexer.exe, lsass.exe, wininit.exe, syntpenhservice.exe, syntplpr.exe, taskmgr.exe, mysqld.exe, caudiofilteragent64.exe, qq.exe, syntpenh.exe, nvxdsync.exe, chrome.exe, video.ui.exe, services.exe, audiodg.exe, skypehost.exe, conhost.exe, wmiprvse.exe, microsoft.photos.exe, jusched.exe, cmd.exe]
2016-08-11 00:18:53,969 [com.device.service.MonitorService]-[INFO] [taskhostw.exe, git-bash.exe, btwrsupportservice.exe, installagent.exe, bash.exe, txplatform.exe, igfxem.exe, smss.exe, dashost.exe, alg.exe, runtimebroker.exe, synlenovohelper.exe, gfexperienceservice.exe, eclipse.exe, navicat.exe, igfxcuiservice.exe, syntphelper.exe, shellexperiencehost.exe, searchui.exe, mintty.exe, chsime.exe, nvvsvc.exe, ibmpmsvc.exe, tasklist.exe, intelcphecisvc.exe, qqprotect.exe, igfxhk.exe, nvnetworkservice.exe, settingsynchost.exe, sihost.exe, applicationframehost.exe, nvbackend.exe, fontdrvhost.exe, svchost.exe, teamviewer_service.exe, taskeng.exe, msmpeng.exe, dwm.exe, spoolsv.exe, javaw.exe, csrss.exe, googleupdate.exe, winlogon.exe, explorer.exe, remindersserver.exe, nvtray.exe, notepad++.exe, cxaudmsg64.exe, nissrv.exe, searchindexer.exe, lsass.exe, wininit.exe, syntpenhservice.exe, syntplpr.exe, taskmgr.exe, mysqld.exe, caudiofilteragent64.exe, qq.exe, syntpenh.exe, nvxdsync.exe, chrome.exe, video.ui.exe, services.exe, audiodg.exe, skypehost.exe, conhost.exe, wmiprvse.exe, microsoft.photos.exe, jusched.exe, cmd.exe]
2016-08-11 00:18:57,141 [com.device.service.MonitorService]-[INFO] [taskhostw.exe, git-bash.exe, btwrsupportservice.exe, installagent.exe, bash.exe, txplatform.exe, igfxem.exe, smss.exe, dashost.exe, alg.exe, runtimebroker.exe, synlenovohelper.exe, gfexperienceservice.exe, eclipse.exe, navicat.exe, igfxcuiservice.exe, syntphelper.exe, shellexperiencehost.exe, searchui.exe, mintty.exe, chsime.exe, nvvsvc.exe, ibmpmsvc.exe, tasklist.exe, intelcphecisvc.exe, qqprotect.exe, igfxhk.exe, nvnetworkservice.exe, settingsynchost.exe, sihost.exe, applicationframehost.exe, nvbackend.exe, fontdrvhost.exe, svchost.exe, teamviewer_service.exe, taskeng.exe, msmpeng.exe, dwm.exe, spoolsv.exe, javaw.exe, csrss.exe, googleupdate.exe, winlogon.exe, explorer.exe, remindersserver.exe, nvtray.exe, notepad++.exe, cxaudmsg64.exe, nissrv.exe, searchindexer.exe, lsass.exe, wininit.exe, syntpenhservice.exe, syntplpr.exe, taskmgr.exe, mysqld.exe, caudiofilteragent64.exe, qq.exe, syntpenh.exe, nvxdsync.exe, chrome.exe, video.ui.exe, services.exe, audiodg.exe, skypehost.exe, conhost.exe, wmiprvse.exe, microsoft.photos.exe, jusched.exe, cmd.exe]
2016-08-11 00:19:00,003 [com.device.schedule.SyncDadaSchedule]-[INFO] 执行上传游戏数据任务====开始
2016-08-11 00:19:00,028 [org.springframework.beans.factory.xml.XmlBeanDefinitionReader]-[INFO] Loading XML bean definitions from class path resource [org/springframework/jdbc/support/sql-error-codes.xml]
2016-08-11 00:19:00,080 [org.springframework.jdbc.support.SQLErrorCodesFactory]-[INFO] SQLErrorCodes loaded: [DB2, Derby, H2, HSQL, Informix, MS-SQL, MySQL, Oracle, PostgreSQL, Sybase, Hana]
2016-08-11 00:19:00,086 [org.springframework.scheduling.support.TaskUtils$LoggingErrorHandler]-[ERROR] Unexpected error occurred in scheduled task.
org.springframework.jdbc.BadSqlGrammarException: 
### Error querying database.  Cause: com.mysql.jdbc.exceptions.jdbc4.MySQLSyntaxErrorException: Unknown column 'run_count' in 'field list'
### The error may exist in file [D:\software\git\device\target\classes\com\device\mapper\GameRunRecordMapper.xml]
### The error may involve defaultParameterMap
### The error occurred while setting parameters
### SQL: select      id, game_id, game_code, run_count, is_sync, game_process,create_time     from game_run_record   where is_sync = "no"
### Cause: com.mysql.jdbc.exceptions.jdbc4.MySQLSyntaxErrorException: Unknown column 'run_count' in 'field list'
; bad SQL grammar []; nested exception is com.mysql.jdbc.exceptions.jdbc4.MySQLSyntaxErrorException: Unknown column 'run_count' in 'field list'
	at org.springframework.jdbc.support.SQLErrorCodeSQLExceptionTranslator.doTranslate(SQLErrorCodeSQLExceptionTranslator.java:231)
	at org.springframework.jdbc.support.AbstractFallbackSQLExceptionTranslator.translate(AbstractFallbackSQLExceptionTranslator.java:73)
	at org.mybatis.spring.MyBatisExceptionTranslator.translateExceptionIfPossible(MyBatisExceptionTranslator.java:75)
	at org.mybatis.spring.SqlSessionTemplate$SqlSessionInterceptor.invoke(SqlSessionTemplate.java:447)
	at com.sun.proxy.$Proxy11.selectList(Unknown Source)
	at org.mybatis.spring.SqlSessionTemplate.selectList(SqlSessionTemplate.java:231)
	at org.apache.ibatis.binding.MapperMethod.executeForMany(MapperMethod.java:114)
	at org.apache.ibatis.binding.MapperMethod.execute(MapperMethod.java:58)
	at org.apache.ibatis.binding.MapperProxy.invoke(MapperProxy.java:43)
	at com.sun.proxy.$Proxy12.findByNoSync(Unknown Source)
	at com.device.service.SyncDataService.uploadGameRecord(SyncDataService.java:33)
	at com.device.schedule.SyncDadaSchedule.syncGameRunRecord(SyncDadaSchedule.java:21)
	at sun.reflect.NativeMethodAccessorImpl.invoke0(Native Method)
	at sun.reflect.NativeMethodAccessorImpl.invoke(NativeMethodAccessorImpl.java:62)
	at sun.reflect.DelegatingMethodAccessorImpl.invoke(DelegatingMethodAccessorImpl.java:43)
	at java.lang.reflect.Method.invoke(Method.java:498)
	at org.springframework.scheduling.support.ScheduledMethodRunnable.run(ScheduledMethodRunnable.java:65)
	at org.springframework.scheduling.support.DelegatingErrorHandlingRunnable.run(DelegatingErrorHandlingRunnable.java:54)
	at org.springframework.scheduling.concurrent.ReschedulingRunnable.run(ReschedulingRunnable.java:81)
	at java.util.concurrent.Executors$RunnableAdapter.call(Executors.java:511)
	at java.util.concurrent.FutureTask.run(FutureTask.java:266)
	at java.util.concurrent.ScheduledThreadPoolExecutor$ScheduledFutureTask.access$201(ScheduledThreadPoolExecutor.java:180)
	at java.util.concurrent.ScheduledThreadPoolExecutor$ScheduledFutureTask.run(ScheduledThreadPoolExecutor.java:293)
	at java.util.concurrent.ThreadPoolExecutor.runWorker(ThreadPoolExecutor.java:1142)
	at java.util.concurrent.ThreadPoolExecutor$Worker.run(ThreadPoolExecutor.java:617)
	at java.lang.Thread.run(Thread.java:745)
Caused by: com.mysql.jdbc.exceptions.jdbc4.MySQLSyntaxErrorException: Unknown column 'run_count' in 'field list'
	at sun.reflect.NativeConstructorAccessorImpl.newInstance0(Native Method)
	at sun.reflect.NativeConstructorAccessorImpl.newInstance(NativeConstructorAccessorImpl.java:62)
	at sun.reflect.DelegatingConstructorAccessorImpl.newInstance(DelegatingConstructorAccessorImpl.java:45)
	at java.lang.reflect.Constructor.newInstance(Constructor.java:423)
	at com.mysql.jdbc.Util.handleNewInstance(Util.java:411)
	at com.mysql.jdbc.Util.getInstance(Util.java:386)
	at com.mysql.jdbc.SQLError.createSQLException(SQLError.java:1054)
	at com.mysql.jdbc.MysqlIO.checkErrorPacket(MysqlIO.java:4237)
	at com.mysql.jdbc.MysqlIO.checkErrorPacket(MysqlIO.java:4169)
	at com.mysql.jdbc.MysqlIO.sendCommand(MysqlIO.java:2617)
	at com.mysql.jdbc.MysqlIO.sqlQueryDirect(MysqlIO.java:2778)
	at com.mysql.jdbc.ConnectionImpl.execSQL(ConnectionImpl.java:2825)
	at com.mysql.jdbc.PreparedStatement.executeInternal(PreparedStatement.java:2156)
	at com.mysql.jdbc.PreparedStatement.execute(PreparedStatement.java:1379)
	at org.apache.commons.dbcp.DelegatingPreparedStatement.execute(DelegatingPreparedStatement.java:172)
	at org.apache.commons.dbcp.DelegatingPreparedStatement.execute(DelegatingPreparedStatement.java:172)
	at org.apache.ibatis.executor.statement.PreparedStatementHandler.query(PreparedStatementHandler.java:56)
	at org.apache.ibatis.executor.statement.RoutingStatementHandler.query(RoutingStatementHandler.java:70)
	at org.apache.ibatis.executor.SimpleExecutor.doQuery(SimpleExecutor.java:57)
	at org.apache.ibatis.executor.BaseExecutor.queryFromDatabase(BaseExecutor.java:259)
	at org.apache.ibatis.executor.BaseExecutor.query(BaseExecutor.java:132)
	at org.apache.ibatis.executor.CachingExecutor.query(CachingExecutor.java:105)
	at org.apache.ibatis.executor.CachingExecutor.query(CachingExecutor.java:81)
	at org.apache.ibatis.session.defaults.DefaultSqlSession.selectList(DefaultSqlSession.java:104)
	at org.apache.ibatis.session.defaults.DefaultSqlSession.selectList(DefaultSqlSession.java:98)
	at sun.reflect.NativeMethodAccessorImpl.invoke0(Native Method)
	at sun.reflect.NativeMethodAccessorImpl.invoke(NativeMethodAccessorImpl.java:62)
	at sun.reflect.DelegatingMethodAccessorImpl.invoke(DelegatingMethodAccessorImpl.java:43)
	at java.lang.reflect.Method.invoke(Method.java:498)
	at org.mybatis.spring.SqlSessionTemplate$SqlSessionInterceptor.invoke(SqlSessionTemplate.java:434)
	... 22 more
2016-08-11 00:19:00,330 [com.device.service.MonitorService]-[INFO] [taskhostw.exe, git-bash.exe, btwrsupportservice.exe, installagent.exe, bash.exe, txplatform.exe, igfxem.exe, smss.exe, dashost.exe, alg.exe, runtimebroker.exe, synlenovohelper.exe, gfexperienceservice.exe, eclipse.exe, navicat.exe, igfxcuiservice.exe, syntphelper.exe, shellexperiencehost.exe, searchui.exe, mintty.exe, chsime.exe, nvvsvc.exe, ibmpmsvc.exe, tasklist.exe, intelcphecisvc.exe, qqprotect.exe, igfxhk.exe, nvnetworkservice.exe, settingsynchost.exe, sihost.exe, applicationframehost.exe, nvbackend.exe, fontdrvhost.exe, svchost.exe, teamviewer_service.exe, taskeng.exe, msmpeng.exe, dwm.exe, spoolsv.exe, javaw.exe, csrss.exe, googleupdate.exe, winlogon.exe, explorer.exe, remindersserver.exe, nvtray.exe, notepad++.exe, cxaudmsg64.exe, nissrv.exe, searchindexer.exe, lsass.exe, wininit.exe, syntpenhservice.exe, syntplpr.exe, taskmgr.exe, mysqld.exe, caudiofilteragent64.exe, qq.exe, syntpenh.exe, nvxdsync.exe, chrome.exe, video.ui.exe, services.exe, audiodg.exe, skypehost.exe, conhost.exe, wmiprvse.exe, microsoft.photos.exe, jusched.exe, cmd.exe]
2016-08-11 00:21:27,992 [org.springframework.context.support.ClassPathXmlApplicationContext]-[INFO] Refreshing org.springframework.context.support.ClassPathXmlApplicationContext@442d9b6e: startup date [Thu Aug 11 00:21:27 CST 2016]; root of context hierarchy
2016-08-11 00:21:28,052 [org.springframework.beans.factory.xml.XmlBeanDefinitionReader]-[INFO] Loading XML bean definitions from class path resource [spring-context.xml]
2016-08-11 00:21:28,564 [org.springframework.context.support.PropertySourcesPlaceholderConfigurer]-[INFO] Loading properties file from class path resource [config/jdbc.properties]
2016-08-11 00:21:28,571 [org.springframework.beans.factory.config.PropertyPlaceholderConfigurer]-[INFO] Loading properties file from class path resource [log4j.properties]
2016-08-11 00:21:29,148 [com.device.DeviceMain]-[INFO] server start...
2016-08-11 00:21:29,833 [com.device.service.MonitorService]-[INFO] ========进程eclipse.exe开启===========
2016-08-11 00:21:29,834 [com.device.service.MonitorService]-[INFO] ========进程qq.exe开启===========
2016-08-11 00:21:29,834 [com.device.service.MonitorService]-[INFO] ========进程chrome.exe开启===========
2016-08-11 00:23:41,136 [org.springframework.context.support.ClassPathXmlApplicationContext]-[INFO] Refreshing org.springframework.context.support.ClassPathXmlApplicationContext@442d9b6e: startup date [Thu Aug 11 00:23:41 CST 2016]; root of context hierarchy
2016-08-11 00:23:41,192 [org.springframework.beans.factory.xml.XmlBeanDefinitionReader]-[INFO] Loading XML bean definitions from class path resource [spring-context.xml]
2016-08-11 00:23:41,877 [org.springframework.context.support.PropertySourcesPlaceholderConfigurer]-[INFO] Loading properties file from class path resource [config/jdbc.properties]
2016-08-11 00:23:41,885 [org.springframework.beans.factory.config.PropertyPlaceholderConfigurer]-[INFO] Loading properties file from class path resource [log4j.properties]
2016-08-11 00:23:42,585 [com.device.DeviceMain]-[INFO] server start...
2016-08-11 00:23:43,266 [com.device.service.MonitorService]-[INFO] ========进程eclipse.exe开启===========
2016-08-11 00:23:43,266 [com.device.service.MonitorService]-[INFO] ========进程qq.exe开启===========
2016-08-11 00:23:43,266 [com.device.service.MonitorService]-[INFO] ========进程chrome.exe开启===========
2016-08-11 00:24:00,001 [com.device.schedule.SyncDadaSchedule]-[INFO] 执行上传游戏数据任务====开始
2016-08-11 00:24:00,088 [org.springframework.scheduling.support.TaskUtils$LoggingErrorHandler]-[ERROR] Unexpected error occurred in scheduled task.
java.lang.ClassCastException: java.util.ArrayList cannot be cast to com.device.model.DeviceInfo
	at com.device.service.SyncDataService.uploadGameRecord(SyncDataService.java:34)
	at com.device.schedule.SyncDadaSchedule.syncGameRunRecord(SyncDadaSchedule.java:21)
	at sun.reflect.NativeMethodAccessorImpl.invoke0(Native Method)
	at sun.reflect.NativeMethodAccessorImpl.invoke(NativeMethodAccessorImpl.java:62)
	at sun.reflect.DelegatingMethodAccessorImpl.invoke(DelegatingMethodAccessorImpl.java:43)
	at java.lang.reflect.Method.invoke(Method.java:498)
	at org.springframework.scheduling.support.ScheduledMethodRunnable.run(ScheduledMethodRunnable.java:65)
	at org.springframework.scheduling.support.DelegatingErrorHandlingRunnable.run(DelegatingErrorHandlingRunnable.java:54)
	at org.springframework.scheduling.concurrent.ReschedulingRunnable.run(ReschedulingRunnable.java:81)
	at java.util.concurrent.Executors$RunnableAdapter.call(Executors.java:511)
	at java.util.concurrent.FutureTask.run(FutureTask.java:266)
	at java.util.concurrent.ScheduledThreadPoolExecutor$ScheduledFutureTask.access$201(ScheduledThreadPoolExecutor.java:180)
	at java.util.concurrent.ScheduledThreadPoolExecutor$ScheduledFutureTask.run(ScheduledThreadPoolExecutor.java:293)
	at java.util.concurrent.ThreadPoolExecutor.runWorker(ThreadPoolExecutor.java:1142)
	at java.util.concurrent.ThreadPoolExecutor$Worker.run(ThreadPoolExecutor.java:617)
	at java.lang.Thread.run(Thread.java:745)
2016-08-11 00:27:30,275 [org.springframework.context.support.ClassPathXmlApplicationContext]-[INFO] Refreshing org.springframework.context.support.ClassPathXmlApplicationContext@64bf3bbf: startup date [Thu Aug 11 00:27:30 CST 2016]; root of context hierarchy
2016-08-11 00:27:30,359 [org.springframework.beans.factory.xml.XmlBeanDefinitionReader]-[INFO] Loading XML bean definitions from class path resource [spring-context.xml]
2016-08-11 00:27:30,939 [org.springframework.context.support.PropertySourcesPlaceholderConfigurer]-[INFO] Loading properties file from class path resource [config/jdbc.properties]
2016-08-11 00:27:30,947 [org.springframework.beans.factory.config.PropertyPlaceholderConfigurer]-[INFO] Loading properties file from class path resource [log4j.properties]
2016-08-11 00:27:31,707 [com.device.DeviceMain]-[INFO] server start...
2016-08-11 00:27:32,445 [com.device.service.MonitorService]-[INFO] ========进程eclipse.exe开启===========
2016-08-11 00:27:32,445 [com.device.service.MonitorService]-[INFO] ========进程qq.exe开启===========
2016-08-11 00:27:32,445 [com.device.service.MonitorService]-[INFO] ========进程chrome.exe开启===========
2016-08-11 00:28:00,002 [com.device.schedule.SyncDadaSchedule]-[INFO] 执行上传游戏数据任务====开始
2016-08-11 00:28:00,008 [com.device.schedule.SyncDadaSchedule]-[INFO] 执行上传游戏数据====结束
2016-08-11 00:28:45,649 [com.device.service.MonitorService]-[INFO] ========进程qq.exe关闭===========
2016-08-11 00:29:00,001 [com.device.schedule.SyncDadaSchedule]-[INFO] 执行上传游戏数据任务====开始
2016-08-11 00:29:00,012 [com.device.service.SyncDataService]-[WARN] 请求url为空
2016-08-11 00:29:00,012 [com.device.schedule.SyncDadaSchedule]-[INFO] 执行上传游戏数据====结束
2016-08-11 00:30:00,000 [com.device.schedule.SyncDadaSchedule]-[INFO] 执行上传游戏数据任务====开始
2016-08-11 00:30:00,003 [com.device.service.SyncDataService]-[WARN] 请求url为空
2016-08-11 00:30:00,004 [com.device.schedule.SyncDadaSchedule]-[INFO] 执行上传游戏数据====结束
2016-08-11 00:31:00,002 [com.device.schedule.SyncDadaSchedule]-[INFO] 执行上传游戏数据任务====开始
2016-08-11 00:32:06,708 [com.device.service.SyncDataService]-[WARN] 请求url为空
2016-08-11 00:32:06,709 [com.device.schedule.SyncDadaSchedule]-[INFO] 执行上传游戏数据====结束
2016-08-11 00:33:57,489 [org.springframework.context.support.ClassPathXmlApplicationContext]-[INFO] Refreshing org.springframework.context.support.ClassPathXmlApplicationContext@64bf3bbf: startup date [Thu Aug 11 00:33:57 CST 2016]; root of context hierarchy
2016-08-11 00:33:57,558 [org.springframework.beans.factory.xml.XmlBeanDefinitionReader]-[INFO] Loading XML bean definitions from class path resource [spring-context.xml]
2016-08-11 00:33:58,160 [org.springframework.context.support.PropertySourcesPlaceholderConfigurer]-[INFO] Loading properties file from class path resource [config/jdbc.properties]
2016-08-11 00:33:58,167 [org.springframework.beans.factory.config.PropertyPlaceholderConfigurer]-[INFO] Loading properties file from class path resource [log4j.properties]
2016-08-11 00:33:58,879 [com.device.DeviceMain]-[INFO] server start...
2016-08-11 00:33:59,560 [com.device.service.MonitorService]-[INFO] ========进程eclipse.exe开启===========
2016-08-11 00:33:59,561 [com.device.service.MonitorService]-[INFO] ========进程chrome.exe开启===========
2016-08-11 00:34:00,005 [com.device.schedule.SyncDadaSchedule]-[INFO] 执行上传游戏数据任务====开始
2016-08-11 00:34:43,186 [com.device.service.SyncDataService]-[WARN] 请求url为空
2016-08-11 00:34:43,187 [com.device.schedule.SyncDadaSchedule]-[INFO] 执行上传游戏数据====结束
2016-08-11 00:35:00,001 [com.device.schedule.SyncDadaSchedule]-[INFO] 执行上传游戏数据任务====开始
2016-08-11 00:35:03,501 [com.device.common.util.HttpRequest]-[INFO] set utf-8 form entity to httppost ...
2016-08-11 00:35:03,516 [com.device.common.util.HttpRequest]-[INFO] create httppost : http://localhost:8080/management/sync/game_run_record
2016-08-11 00:35:08,563 [com.device.common.util.HttpRequest]-[INFO] execute http result... ;request:org.apache.http.params.BasicHttpParams@56535935 result = {"code":"success","message":"success","content":null}
2016-08-11 00:35:08,564 [com.device.common.util.HttpRequest]-[INFO] release http ...
2016-08-11 00:35:08,647 [com.device.service.SyncDataService]-[ERROR] uploadGameRecord error
org.mybatis.spring.MyBatisSystemException: nested exception is org.apache.ibatis.binding.BindingException: Parameter 'array' not found. Available parameters are [list]
	at org.mybatis.spring.MyBatisExceptionTranslator.translateExceptionIfPossible(MyBatisExceptionTranslator.java:79)
	at org.mybatis.spring.SqlSessionTemplate$SqlSessionInterceptor.invoke(SqlSessionTemplate.java:447)
	at com.sun.proxy.$Proxy11.delete(Unknown Source)
	at org.mybatis.spring.SqlSessionTemplate.delete(SqlSessionTemplate.java:311)
	at org.apache.ibatis.binding.MapperMethod.execute(MapperMethod.java:52)
	at org.apache.ibatis.binding.MapperProxy.invoke(MapperProxy.java:43)
	at com.sun.proxy.$Proxy12.batchDeleteHistory(Unknown Source)
	at com.device.service.SyncDataService.clearGameRecordHistiry(SyncDataService.java:74)
	at com.device.service.SyncDataService.uploadGameRecord(SyncDataService.java:52)
	at com.device.schedule.SyncDadaSchedule.syncGameRunRecord(SyncDadaSchedule.java:21)
	at sun.reflect.NativeMethodAccessorImpl.invoke0(Native Method)
	at sun.reflect.NativeMethodAccessorImpl.invoke(NativeMethodAccessorImpl.java:62)
	at sun.reflect.DelegatingMethodAccessorImpl.invoke(DelegatingMethodAccessorImpl.java:43)
	at java.lang.reflect.Method.invoke(Method.java:498)
	at org.springframework.scheduling.support.ScheduledMethodRunnable.run(ScheduledMethodRunnable.java:65)
	at org.springframework.scheduling.support.DelegatingErrorHandlingRunnable.run(DelegatingErrorHandlingRunnable.java:54)
	at org.springframework.scheduling.concurrent.ReschedulingRunnable.run(ReschedulingRunnable.java:81)
	at java.util.concurrent.Executors$RunnableAdapter.call(Executors.java:511)
	at java.util.concurrent.FutureTask.run(FutureTask.java:266)
	at java.util.concurrent.ScheduledThreadPoolExecutor$ScheduledFutureTask.access$201(ScheduledThreadPoolExecutor.java:180)
	at java.util.concurrent.ScheduledThreadPoolExecutor$ScheduledFutureTask.run(ScheduledThreadPoolExecutor.java:293)
	at java.util.concurrent.ThreadPoolExecutor.runWorker(ThreadPoolExecutor.java:1142)
	at java.util.concurrent.ThreadPoolExecutor$Worker.run(ThreadPoolExecutor.java:617)
	at java.lang.Thread.run(Thread.java:745)
Caused by: org.apache.ibatis.binding.BindingException: Parameter 'array' not found. Available parameters are [list]
	at org.apache.ibatis.session.defaults.DefaultSqlSession$StrictMap.get(DefaultSqlSession.java:257)
	at org.apache.ibatis.scripting.xmltags.DynamicContext$ContextAccessor.getProperty(DynamicContext.java:120)
	at org.apache.ibatis.ognl.OgnlRuntime.getProperty(OgnlRuntime.java:1657)
	at org.apache.ibatis.ognl.ASTProperty.getValueBody(ASTProperty.java:92)
	at org.apache.ibatis.ognl.SimpleNode.evaluateGetValueBody(SimpleNode.java:170)
	at org.apache.ibatis.ognl.SimpleNode.getValue(SimpleNode.java:210)
	at org.apache.ibatis.ognl.Ognl.getValue(Ognl.java:333)
	at org.apache.ibatis.ognl.Ognl.getValue(Ognl.java:413)
	at org.apache.ibatis.ognl.Ognl.getValue(Ognl.java:395)
	at org.apache.ibatis.scripting.xmltags.OgnlCache.getValue(OgnlCache.java:45)
	at org.apache.ibatis.scripting.xmltags.ExpressionEvaluator.evaluateIterable(ExpressionEvaluator.java:36)
	at org.apache.ibatis.scripting.xmltags.ForEachSqlNode.apply(ForEachSqlNode.java:51)
	at org.apache.ibatis.scripting.xmltags.MixedSqlNode.apply(MixedSqlNode.java:29)
	at org.apache.ibatis.scripting.xmltags.DynamicSqlSource.getBoundSql(DynamicSqlSource.java:37)
	at org.apache.ibatis.mapping.MappedStatement.getBoundSql(MappedStatement.java:275)
	at org.apache.ibatis.executor.statement.BaseStatementHandler.<init>(BaseStatementHandler.java:61)
	at org.apache.ibatis.executor.statement.PreparedStatementHandler.<init>(PreparedStatementHandler.java:36)
	at org.apache.ibatis.executor.statement.RoutingStatementHandler.<init>(RoutingStatementHandler.java:42)
	at org.apache.ibatis.session.Configuration.newStatementHandler(Configuration.java:464)
	at org.apache.ibatis.executor.SimpleExecutor.doUpdate(SimpleExecutor.java:43)
	at org.apache.ibatis.executor.BaseExecutor.update(BaseExecutor.java:100)
	at org.apache.ibatis.executor.CachingExecutor.update(CachingExecutor.java:75)
	at org.apache.ibatis.session.defaults.DefaultSqlSession.update(DefaultSqlSession.java:148)
	at org.apache.ibatis.session.defaults.DefaultSqlSession.delete(DefaultSqlSession.java:161)
	at sun.reflect.NativeMethodAccessorImpl.invoke0(Native Method)
	at sun.reflect.NativeMethodAccessorImpl.invoke(NativeMethodAccessorImpl.java:62)
	at sun.reflect.DelegatingMethodAccessorImpl.invoke(DelegatingMethodAccessorImpl.java:43)
	at java.lang.reflect.Method.invoke(Method.java:498)
	at org.mybatis.spring.SqlSessionTemplate$SqlSessionInterceptor.invoke(SqlSessionTemplate.java:434)
	... 22 more
2016-08-11 00:35:08,666 [com.device.schedule.SyncDadaSchedule]-[INFO] 执行上传游戏数据====结束
2016-08-11 00:39:31,277 [org.springframework.context.support.ClassPathXmlApplicationContext]-[INFO] Refreshing org.springframework.context.support.ClassPathXmlApplicationContext@442d9b6e: startup date [Thu Aug 11 00:39:31 CST 2016]; root of context hierarchy
2016-08-11 00:39:31,364 [org.springframework.beans.factory.xml.XmlBeanDefinitionReader]-[INFO] Loading XML bean definitions from class path resource [spring-context.xml]
2016-08-11 00:39:31,901 [org.springframework.context.support.PropertySourcesPlaceholderConfigurer]-[INFO] Loading properties file from class path resource [config/jdbc.properties]
2016-08-11 00:39:31,908 [org.springframework.beans.factory.config.PropertyPlaceholderConfigurer]-[INFO] Loading properties file from class path resource [log4j.properties]
2016-08-11 00:39:32,551 [com.device.DeviceMain]-[INFO] server start...
2016-08-11 00:39:33,279 [com.device.service.MonitorService]-[INFO] ========进程eclipse.exe开启===========
2016-08-11 00:39:33,280 [com.device.service.MonitorService]-[INFO] ========进程qq.exe开启===========
2016-08-11 00:39:33,280 [com.device.service.MonitorService]-[INFO] ========进程chrome.exe开启===========
2016-08-11 00:39:46,008 [com.device.service.MonitorService]-[INFO] ========进程chrome.exe关闭===========
2016-08-11 00:40:00,002 [com.device.schedule.SyncDadaSchedule]-[INFO] 执行上传游戏数据任务====开始
2016-08-11 00:40:00,195 [com.device.common.util.HttpRequest]-[INFO] set utf-8 form entity to httppost ...
2016-08-11 00:40:00,203 [com.device.common.util.HttpRequest]-[INFO] create httppost : http://localhost:8080/management/sync/game_run_record
2016-08-11 00:40:40,798 [com.device.common.util.HttpRequest]-[INFO] execute http result... ;request:org.apache.http.params.BasicHttpParams@4dd803a6 result = {"code":"success","message":"success","content":null}
2016-08-11 00:40:40,799 [com.device.common.util.HttpRequest]-[INFO] release http ...
2016-08-11 00:40:40,835 [com.device.service.SyncDataService]-[ERROR] uploadGameRecord error
org.mybatis.spring.MyBatisSystemException: nested exception is org.apache.ibatis.binding.BindingException: Parameter 'array' not found. Available parameters are [list]
	at org.mybatis.spring.MyBatisExceptionTranslator.translateExceptionIfPossible(MyBatisExceptionTranslator.java:79)
	at org.mybatis.spring.SqlSessionTemplate$SqlSessionInterceptor.invoke(SqlSessionTemplate.java:447)
	at com.sun.proxy.$Proxy11.delete(Unknown Source)
	at org.mybatis.spring.SqlSessionTemplate.delete(SqlSessionTemplate.java:311)
	at org.apache.ibatis.binding.MapperMethod.execute(MapperMethod.java:52)
	at org.apache.ibatis.binding.MapperProxy.invoke(MapperProxy.java:43)
	at com.sun.proxy.$Proxy12.batchDeleteHistory(Unknown Source)
	at com.device.service.SyncDataService.clearGameRecordHistiry(SyncDataService.java:74)
	at com.device.service.SyncDataService.uploadGameRecord(SyncDataService.java:52)
	at com.device.schedule.SyncDadaSchedule.syncGameRunRecord(SyncDadaSchedule.java:21)
	at sun.reflect.NativeMethodAccessorImpl.invoke0(Native Method)
	at sun.reflect.NativeMethodAccessorImpl.invoke(NativeMethodAccessorImpl.java:62)
	at sun.reflect.DelegatingMethodAccessorImpl.invoke(DelegatingMethodAccessorImpl.java:43)
	at java.lang.reflect.Method.invoke(Method.java:498)
	at org.springframework.scheduling.support.ScheduledMethodRunnable.run(ScheduledMethodRunnable.java:65)
	at org.springframework.scheduling.support.DelegatingErrorHandlingRunnable.run(DelegatingErrorHandlingRunnable.java:54)
	at org.springframework.scheduling.concurrent.ReschedulingRunnable.run(ReschedulingRunnable.java:81)
	at java.util.concurrent.Executors$RunnableAdapter.call(Executors.java:511)
	at java.util.concurrent.FutureTask.run(FutureTask.java:266)
	at java.util.concurrent.ScheduledThreadPoolExecutor$ScheduledFutureTask.access$201(ScheduledThreadPoolExecutor.java:180)
	at java.util.concurrent.ScheduledThreadPoolExecutor$ScheduledFutureTask.run(ScheduledThreadPoolExecutor.java:293)
	at java.util.concurrent.ThreadPoolExecutor.runWorker(ThreadPoolExecutor.java:1142)
	at java.util.concurrent.ThreadPoolExecutor$Worker.run(ThreadPoolExecutor.java:617)
	at java.lang.Thread.run(Thread.java:745)
Caused by: org.apache.ibatis.binding.BindingException: Parameter 'array' not found. Available parameters are [list]
	at org.apache.ibatis.session.defaults.DefaultSqlSession$StrictMap.get(DefaultSqlSession.java:257)
	at org.apache.ibatis.scripting.xmltags.DynamicContext$ContextAccessor.getProperty(DynamicContext.java:120)
	at org.apache.ibatis.ognl.OgnlRuntime.getProperty(OgnlRuntime.java:1657)
	at org.apache.ibatis.ognl.ASTProperty.getValueBody(ASTProperty.java:92)
	at org.apache.ibatis.ognl.SimpleNode.evaluateGetValueBody(SimpleNode.java:170)
	at org.apache.ibatis.ognl.SimpleNode.getValue(SimpleNode.java:210)
	at org.apache.ibatis.ognl.Ognl.getValue(Ognl.java:333)
	at org.apache.ibatis.ognl.Ognl.getValue(Ognl.java:413)
	at org.apache.ibatis.ognl.Ognl.getValue(Ognl.java:395)
	at org.apache.ibatis.scripting.xmltags.OgnlCache.getValue(OgnlCache.java:45)
	at org.apache.ibatis.scripting.xmltags.ExpressionEvaluator.evaluateIterable(ExpressionEvaluator.java:36)
	at org.apache.ibatis.scripting.xmltags.ForEachSqlNode.apply(ForEachSqlNode.java:51)
	at org.apache.ibatis.scripting.xmltags.MixedSqlNode.apply(MixedSqlNode.java:29)
	at org.apache.ibatis.scripting.xmltags.DynamicSqlSource.getBoundSql(DynamicSqlSource.java:37)
	at org.apache.ibatis.mapping.MappedStatement.getBoundSql(MappedStatement.java:275)
	at org.apache.ibatis.executor.statement.BaseStatementHandler.<init>(BaseStatementHandler.java:61)
	at org.apache.ibatis.executor.statement.PreparedStatementHandler.<init>(PreparedStatementHandler.java:36)
	at org.apache.ibatis.executor.statement.RoutingStatementHandler.<init>(RoutingStatementHandler.java:42)
	at org.apache.ibatis.session.Configuration.newStatementHandler(Configuration.java:464)
	at org.apache.ibatis.executor.SimpleExecutor.doUpdate(SimpleExecutor.java:43)
	at org.apache.ibatis.executor.BaseExecutor.update(BaseExecutor.java:100)
	at org.apache.ibatis.executor.CachingExecutor.update(CachingExecutor.java:75)
	at org.apache.ibatis.session.defaults.DefaultSqlSession.update(DefaultSqlSession.java:148)
	at org.apache.ibatis.session.defaults.DefaultSqlSession.delete(DefaultSqlSession.java:161)
	at sun.reflect.NativeMethodAccessorImpl.invoke0(Native Method)
	at sun.reflect.NativeMethodAccessorImpl.invoke(NativeMethodAccessorImpl.java:62)
	at sun.reflect.DelegatingMethodAccessorImpl.invoke(DelegatingMethodAccessorImpl.java:43)
	at java.lang.reflect.Method.invoke(Method.java:498)
	at org.mybatis.spring.SqlSessionTemplate$SqlSessionInterceptor.invoke(SqlSessionTemplate.java:434)
	... 22 more
2016-08-11 00:40:40,839 [com.device.schedule.SyncDadaSchedule]-[INFO] 执行上传游戏数据====结束
2016-08-11 00:41:00,002 [com.device.schedule.SyncDadaSchedule]-[INFO] 执行上传游戏数据任务====开始
2016-08-11 00:41:00,005 [com.device.common.util.HttpRequest]-[INFO] set utf-8 form entity to httppost ...
2016-08-11 00:41:00,006 [com.device.common.util.HttpRequest]-[INFO] create httppost : http://localhost:8080/management/sync/game_run_record
2016-08-11 00:41:04,601 [com.device.common.util.HttpRequest]-[INFO] execute http result... ;request:org.apache.http.params.BasicHttpParams@4979a126 result = {"code":"success","message":"success","content":null}
2016-08-11 00:41:04,601 [com.device.common.util.HttpRequest]-[INFO] release http ...
2016-08-11 00:41:04,602 [com.device.service.SyncDataService]-[ERROR] uploadGameRecord error
org.mybatis.spring.MyBatisSystemException: nested exception is org.apache.ibatis.binding.BindingException: Parameter 'array' not found. Available parameters are [list]
	at org.mybatis.spring.MyBatisExceptionTranslator.translateExceptionIfPossible(MyBatisExceptionTranslator.java:79)
	at org.mybatis.spring.SqlSessionTemplate$SqlSessionInterceptor.invoke(SqlSessionTemplate.java:447)
	at com.sun.proxy.$Proxy11.delete(Unknown Source)
	at org.mybatis.spring.SqlSessionTemplate.delete(SqlSessionTemplate.java:311)
	at org.apache.ibatis.binding.MapperMethod.execute(MapperMethod.java:52)
	at org.apache.ibatis.binding.MapperProxy.invoke(MapperProxy.java:43)
	at com.sun.proxy.$Proxy12.batchDeleteHistory(Unknown Source)
	at com.device.service.SyncDataService.clearGameRecordHistiry(SyncDataService.java:74)
	at com.device.service.SyncDataService.uploadGameRecord(SyncDataService.java:52)
	at com.device.schedule.SyncDadaSchedule.syncGameRunRecord(SyncDadaSchedule.java:21)
	at sun.reflect.NativeMethodAccessorImpl.invoke0(Native Method)
	at sun.reflect.NativeMethodAccessorImpl.invoke(NativeMethodAccessorImpl.java:62)
	at sun.reflect.DelegatingMethodAccessorImpl.invoke(DelegatingMethodAccessorImpl.java:43)
	at java.lang.reflect.Method.invoke(Method.java:498)
	at org.springframework.scheduling.support.ScheduledMethodRunnable.run(ScheduledMethodRunnable.java:65)
	at org.springframework.scheduling.support.DelegatingErrorHandlingRunnable.run(DelegatingErrorHandlingRunnable.java:54)
	at org.springframework.scheduling.concurrent.ReschedulingRunnable.run(ReschedulingRunnable.java:81)
	at java.util.concurrent.Executors$RunnableAdapter.call(Executors.java:511)
	at java.util.concurrent.FutureTask.run(FutureTask.java:266)
	at java.util.concurrent.ScheduledThreadPoolExecutor$ScheduledFutureTask.access$201(ScheduledThreadPoolExecutor.java:180)
	at java.util.concurrent.ScheduledThreadPoolExecutor$ScheduledFutureTask.run(ScheduledThreadPoolExecutor.java:293)
	at java.util.concurrent.ThreadPoolExecutor.runWorker(ThreadPoolExecutor.java:1142)
	at java.util.concurrent.ThreadPoolExecutor$Worker.run(ThreadPoolExecutor.java:617)
	at java.lang.Thread.run(Thread.java:745)
Caused by: org.apache.ibatis.binding.BindingException: Parameter 'array' not found. Available parameters are [list]
	at org.apache.ibatis.session.defaults.DefaultSqlSession$StrictMap.get(DefaultSqlSession.java:257)
	at org.apache.ibatis.scripting.xmltags.DynamicContext$ContextAccessor.getProperty(DynamicContext.java:120)
	at org.apache.ibatis.ognl.OgnlRuntime.getProperty(OgnlRuntime.java:1657)
	at org.apache.ibatis.ognl.ASTProperty.getValueBody(ASTProperty.java:92)
	at org.apache.ibatis.ognl.SimpleNode.evaluateGetValueBody(SimpleNode.java:170)
	at org.apache.ibatis.ognl.SimpleNode.getValue(SimpleNode.java:210)
	at org.apache.ibatis.ognl.Ognl.getValue(Ognl.java:333)
	at org.apache.ibatis.ognl.Ognl.getValue(Ognl.java:413)
	at org.apache.ibatis.ognl.Ognl.getValue(Ognl.java:395)
	at org.apache.ibatis.scripting.xmltags.OgnlCache.getValue(OgnlCache.java:45)
	at org.apache.ibatis.scripting.xmltags.ExpressionEvaluator.evaluateIterable(ExpressionEvaluator.java:36)
	at org.apache.ibatis.scripting.xmltags.ForEachSqlNode.apply(ForEachSqlNode.java:51)
	at org.apache.ibatis.scripting.xmltags.MixedSqlNode.apply(MixedSqlNode.java:29)
	at org.apache.ibatis.scripting.xmltags.DynamicSqlSource.getBoundSql(DynamicSqlSource.java:37)
	at org.apache.ibatis.mapping.MappedStatement.getBoundSql(MappedStatement.java:275)
	at org.apache.ibatis.executor.statement.BaseStatementHandler.<init>(BaseStatementHandler.java:61)
	at org.apache.ibatis.executor.statement.PreparedStatementHandler.<init>(PreparedStatementHandler.java:36)
	at org.apache.ibatis.executor.statement.RoutingStatementHandler.<init>(RoutingStatementHandler.java:42)
	at org.apache.ibatis.session.Configuration.newStatementHandler(Configuration.java:464)
	at org.apache.ibatis.executor.SimpleExecutor.doUpdate(SimpleExecutor.java:43)
	at org.apache.ibatis.executor.BaseExecutor.update(BaseExecutor.java:100)
	at org.apache.ibatis.executor.CachingExecutor.update(CachingExecutor.java:75)
	at org.apache.ibatis.session.defaults.DefaultSqlSession.update(DefaultSqlSession.java:148)
	at org.apache.ibatis.session.defaults.DefaultSqlSession.delete(DefaultSqlSession.java:161)
	at sun.reflect.NativeMethodAccessorImpl.invoke0(Native Method)
	at sun.reflect.NativeMethodAccessorImpl.invoke(NativeMethodAccessorImpl.java:62)
	at sun.reflect.DelegatingMethodAccessorImpl.invoke(DelegatingMethodAccessorImpl.java:43)
	at java.lang.reflect.Method.invoke(Method.java:498)
	at org.mybatis.spring.SqlSessionTemplate$SqlSessionInterceptor.invoke(SqlSessionTemplate.java:434)
	... 22 more
2016-08-11 00:41:04,604 [com.device.schedule.SyncDadaSchedule]-[INFO] 执行上传游戏数据====结束
2016-08-11 00:46:45,174 [org.springframework.context.support.ClassPathXmlApplicationContext]-[INFO] Refreshing org.springframework.context.support.ClassPathXmlApplicationContext@442d9b6e: startup date [Thu Aug 11 00:46:45 CST 2016]; root of context hierarchy
2016-08-11 00:46:45,227 [org.springframework.beans.factory.xml.XmlBeanDefinitionReader]-[INFO] Loading XML bean definitions from class path resource [spring-context.xml]
2016-08-11 00:46:45,914 [org.springframework.context.support.PropertySourcesPlaceholderConfigurer]-[INFO] Loading properties file from class path resource [config/jdbc.properties]
2016-08-11 00:46:45,921 [org.springframework.beans.factory.config.PropertyPlaceholderConfigurer]-[INFO] Loading properties file from class path resource [log4j.properties]
2016-08-11 00:46:46,589 [com.device.DeviceMain]-[INFO] server start...
2016-08-11 00:46:47,554 [com.device.service.MonitorService]-[INFO] ========进程eclipse.exe开启===========
2016-08-11 00:46:47,555 [com.device.service.MonitorService]-[INFO] ========进程qq.exe开启===========
2016-08-11 00:46:47,555 [com.device.service.MonitorService]-[INFO] ========进程chrome.exe开启===========
2016-08-11 00:46:53,911 [com.device.service.MonitorService]-[INFO] ========进程chrome.exe关闭===========
2016-08-11 00:47:00,002 [com.device.schedule.SyncDadaSchedule]-[INFO] 执行上传游戏数据任务====开始
2016-08-11 00:47:00,139 [com.device.common.util.HttpRequest]-[INFO] set utf-8 form entity to httppost ...
2016-08-11 00:47:00,148 [com.device.common.util.HttpRequest]-[INFO] create httppost : http://localhost:8080/management/sync/game_run_record
2016-08-11 00:47:01,399 [com.device.common.util.HttpRequest]-[INFO] execute http result... ;request:org.apache.http.params.BasicHttpParams@440a01fa result = {"code":"success","message":"success","content":null}
2016-08-11 00:47:01,399 [com.device.common.util.HttpRequest]-[INFO] release http ...
2016-08-11 00:47:01,506 [com.device.schedule.SyncDadaSchedule]-[INFO] 执行上传游戏数据====结束
2016-08-11 00:47:03,595 [com.device.service.MonitorService]-[INFO] ========进程chrome.exe开启===========
2016-08-11 00:48:00,001 [com.device.schedule.SyncDadaSchedule]-[INFO] 执行上传游戏数据任务====开始
2016-08-11 00:48:00,004 [com.device.schedule.SyncDadaSchedule]-[INFO] 执行上传游戏数据====结束
2016-08-11 00:49:00,000 [com.device.schedule.SyncDadaSchedule]-[INFO] 执行上传游戏数据任务====开始
2016-08-11 00:49:00,003 [com.device.schedule.SyncDadaSchedule]-[INFO] 执行上传游戏数据====结束
2016-08-11 00:49:49,366 [com.device.service.MonitorService]-[INFO] ========进程chrome.exe关闭===========
2016-08-11 00:50:00,002 [com.device.schedule.SyncDadaSchedule]-[INFO] 执行上传游戏数据任务====开始
2016-08-11 00:50:00,005 [com.device.common.util.HttpRequest]-[INFO] set utf-8 form entity to httppost ...
2016-08-11 00:50:00,005 [com.device.common.util.HttpRequest]-[INFO] create httppost : http://localhost:8080/management/sync/game_run_record
2016-08-11 00:50:00,324 [com.device.common.util.HttpRequest]-[INFO] execute http result... ;request:org.apache.http.params.BasicHttpParams@9515a20 result = {"code":"success","message":"success","content":null}
2016-08-11 00:50:00,324 [com.device.common.util.HttpRequest]-[INFO] release http ...
2016-08-11 00:50:00,373 [com.device.schedule.SyncDadaSchedule]-[INFO] 执行上传游戏数据====结束
2016-08-11 00:51:00,002 [com.device.schedule.SyncDadaSchedule]-[INFO] 执行上传游戏数据任务====开始
2016-08-11 00:51:00,004 [com.device.schedule.SyncDadaSchedule]-[INFO] 执行上传游戏数据====结束
2016-08-11 00:51:53,343 [com.device.service.MonitorService]-[INFO] ========进程chrome.exe开启===========
2016-08-11 00:52:00,000 [com.device.schedule.SyncDadaSchedule]-[INFO] 执行上传游戏数据任务====开始
2016-08-11 00:52:00,003 [com.device.schedule.SyncDadaSchedule]-[INFO] 执行上传游戏数据====结束
2016-08-11 00:53:00,002 [com.device.schedule.SyncDadaSchedule]-[INFO] 执行上传游戏数据任务====开始
2016-08-11 00:53:00,005 [com.device.schedule.SyncDadaSchedule]-[INFO] 执行上传游戏数据====结束
2016-08-11 00:57:00,530 [org.springframework.context.support.ClassPathXmlApplicationContext]-[INFO] Refreshing org.springframework.context.support.ClassPathXmlApplicationContext@442d9b6e: startup date [Thu Aug 11 00:57:00 CST 2016]; root of context hierarchy
2016-08-11 00:57:00,590 [org.springframework.beans.factory.xml.XmlBeanDefinitionReader]-[INFO] Loading XML bean definitions from class path resource [spring-context.xml]
2016-08-11 00:57:01,115 [org.springframework.context.support.PropertySourcesPlaceholderConfigurer]-[INFO] Loading properties file from class path resource [config/jdbc.properties]
2016-08-11 00:57:01,125 [org.springframework.beans.factory.config.PropertyPlaceholderConfigurer]-[INFO] Loading properties file from class path resource [log4j.properties]
2016-08-11 00:57:01,721 [com.device.DeviceMain]-[INFO] server start...
2016-08-11 00:57:02,470 [com.device.service.MonitorService]-[INFO] ========进程eclipse.exe开启===========
2016-08-11 00:57:02,471 [com.device.service.MonitorService]-[INFO] ========进程qq.exe开启===========
2016-08-11 00:57:02,471 [com.device.service.MonitorService]-[INFO] ========进程chrome.exe开启===========
2016-08-11 00:57:12,049 [com.device.service.MonitorService]-[INFO] ========进程chrome.exe关闭===========
2016-08-11 00:58:00,002 [com.device.schedule.SyncDadaSchedule]-[INFO] 执行上传游戏数据任务====开始
2016-08-11 00:58:00,134 [com.device.common.util.HttpRequest]-[INFO] set utf-8 form entity to httppost ...
2016-08-11 00:58:00,140 [com.device.common.util.HttpRequest]-[INFO] create httppost : http://localhost:8080/management/sync/game_run_record
2016-08-11 00:58:01,050 [com.device.common.util.HttpRequest]-[INFO] execute http result... ;request:org.apache.http.params.BasicHttpParams@7f2fcb5d result = {"code":"success","message":"success","content":null}
2016-08-11 00:58:01,052 [com.device.common.util.HttpRequest]-[INFO] release http ...
2016-08-11 00:58:01,415 [com.device.schedule.SyncDadaSchedule]-[INFO] 执行上传游戏数据====结束
2016-08-11 00:58:31,470 [com.device.service.MonitorService]-[INFO] ========进程chrome.exe开启===========
2016-08-11 00:59:00,002 [com.device.schedule.SyncDadaSchedule]-[INFO] 执行上传游戏数据任务====开始
2016-08-11 00:59:00,005 [com.device.schedule.SyncDadaSchedule]-[INFO] 执行上传游戏数据====结束
2016-08-11 01:00:00,002 [com.device.schedule.SyncDadaSchedule]-[INFO] 执行上传游戏数据任务====开始
2016-08-11 01:00:00,005 [com.device.schedule.SyncDadaSchedule]-[INFO] 执行上传游戏数据====结束
